<?xml version="1.0" encoding="UTF-8"?>
<!-- Generated by org.testng.reporters.JUnitReportReporter -->
<testsuite hostname="Gokulnaths-MacBook-Air.local" failures="0" tests="2" name="com.testng.NewTest" time="35.018" errors="0" timestamp="2023-06-13T00:26:55 IST" skipped="0">
  <testcase classname="com.testng.NewTest" name="Auto1" time="10.830"/>
  <system-out/>
  <testcase classname="com.testng.NewTest" name="Auto2" time="24.188"/>
  <system-out/>
</testsuite> <!-- com.testng.NewTest -->
