<?xml version="1.0" encoding="UTF-8"?>
<!-- Generated by org.testng.reporters.JUnitReportReporter -->
<testsuite hostname="Gokulnaths-MacBook-Air.local" failures="0" tests="2" name="com.testng.NewTest" time="34.212" errors="0" timestamp="2023-06-13T00:29:57 IST" skipped="0">
  <testcase classname="com.testng.NewTest" name="Auto1" time="13.711"/>
  <system-out/>
  <testcase classname="com.testng.NewTest" name="Auto2" time="20.501"/>
  <system-out/>
</testsuite> <!-- com.testng.NewTest -->
